<?xml version="1.0" encoding="UTF-8"?>
<!-- Generated by org.testng.reporters.JUnitReportReporter -->
<testsuite hostname="DESKTOP-A5GJT2Q" failures="0" tests="1" name="testcases.LogoutTest" time="15.311" errors="0" timestamp="2024-06-10T19:49:34 ICT" skipped="0">
  <testcase classname="testcases.LogoutTest" name="Logout" time="15.311"/>
</testsuite> <!-- testcases.LogoutTest -->
