<?xml version="1.0" encoding="UTF-8"?>
<!-- Generated by org.testng.reporters.JUnitReportReporter -->
<testsuite hostname="DESKTOP-A5GJT2Q" failures="0" tests="1" name="testcases.Chapter10.RegisterTest" time="8.441" errors="0" timestamp="2024-06-25T10:49:30 ICT" skipped="0">
  <testcase classname="testcases.Chapter10.RegisterTest" name="verifyUniqueEmailRegistration" time="8.441"/>
</testsuite> <!-- testcases.Chapter10.RegisterTest -->
