<?xml version="1.0" encoding="UTF-8"?>
<!-- Generated by org.testng.reporters.JUnitReportReporter -->
<testsuite hostname="DESKTOP-A5GJT2Q" failures="0" tests="1" name="testcases.LogoutTest" time="10.509" errors="0" timestamp="2024-06-11T09:19:49 ICT" skipped="0">
  <testcase classname="testcases.LogoutTest" name="Logout" time="10.509"/>
</testsuite> <!-- testcases.LogoutTest -->
